<?xml version="1.0" encoding="UTF-8"?>
<!-- Generated by org.testng.reporters.JUnitXMLReporter -->
<testsuite ignored="4" hostname="DESKTOP-J11RMNP" failures="0" tests="3" name="Test" time="3.593" errors="0" timestamp="2025-08-09T16:54:43 WAT">
  <testcase classname="tests.LoginPageTest" name="loginTest" time="0.19"/>
  <testcase classname="tests.AddItemToCartTest" name="addItemToCartTest" time="0.117"/>
  <testcase classname="tests.CheckoutPageTest" name="checkoutTest" time="0.292"/>
  <testcase classname="tests.BaseTest" name="@AfterTest tearDown" time="0.0">
    <ignored/>
  </testcase> <!-- @AfterTest tearDown -->
  <testcase classname="tests.BaseTest" name="@BeforeTest setUp" time="0.0">
    <ignored/>
  </testcase> <!-- @BeforeTest setUp -->
  <testcase classname="tests.BaseTest" name="@AfterTest tearDown" time="0.0">
    <ignored/>
  </testcase> <!-- @AfterTest tearDown -->
  <testcase classname="tests.BaseTest" name="@BeforeTest setUp" time="0.0">
    <ignored/>
  </testcase> <!-- @BeforeTest setUp -->
</testsuite> <!-- Test -->
